#
# There is insufficient memory for the Java Runtime Environment to continue.
# Native memory allocation (malloc) failed to allocate 336208 bytes for Chunk::new
# Possible reasons:
#   The system is out of physical RAM or swap space
#   The process is running with CompressedOops enabled, and the Java Heap may be blocking the growth of the native heap
# Possible solutions:
#   Reduce memory load on the system
#   Increase physical memory or swap space
#   Check if swap backing store is full
#   Decrease Java heap size (-Xmx/-Xms)
#   Decrease number of Java threads
#   Decrease Java thread stack sizes (-Xss)
#   Set larger code cache with -XX:ReservedCodeCacheSize=
#   JVM is running with Unscaled Compressed Oops mode in which the Java heap is
#     placed in the first 4GB address space. The Java Heap base address is the
#     maximum limit for the native heap growth. Please use -XX:HeapBaseMinAddress
#     to set the Java Heap base and to place the Java Heap above 4GB virtual address.
# This output file may be truncated or incomplete.
#
#  Out of Memory Error (allocation.cpp:389), pid=13108, tid=0x0000000000001ab0
#
# JRE version: Java(TM) SE Runtime Environment (8.0_211-b12) (build 1.8.0_211-b12)
# Java VM: Java HotSpot(TM) 64-Bit Server VM (25.211-b12 mixed mode windows-amd64 compressed oops)
# Failed to write core dump. Minidumps are not enabled by default on client versions of Windows
#

---------------  T H R E A D  ---------------

Current thread (0x000000001b16c000):  JavaThread "C2 CompilerThread0" daemon [_thread_in_native, id=6832, stack(0x000000001c0b0000,0x000000001c1b0000)]

Stack: [0x000000001c0b0000,0x000000001c1b0000]
[error occurred during error reporting (printing stack bounds), id 0xc0000005]

Native frames: (J=compiled Java code, j=interpreted, Vv=VM code, C=native code)


Current CompileTask:
C2:  13031 3418   !   4       java.lang.ClassLoader::loadClass (122 bytes)


---------------  P R O C E S S  ---------------

Java Threads: ( => current thread )
  0x000000001c00d000 JavaThread "Executor task launch worker for task 0" daemon [_thread_in_vm, id=16760, stack(0x00000000239e0000,0x0000000023ae0000)]
  0x000000001c00b800 JavaThread "org.apache.hadoop.fs.FileSystem$Statistics$StatisticsDataReferenceCleaner" daemon [_thread_blocked, id=7244, stack(0x00000000273e0000,0x00000000274e0000)]
  0x000000001c00b000 JavaThread "element-tracking-store-worker" daemon [_thread_blocked, id=14692, stack(0x0000000022430000,0x0000000022530000)]
  0x000000001c00a000 JavaThread "spark-listener-group-executorManagement" daemon [_thread_blocked, id=2100, stack(0x0000000022130000,0x0000000022230000)]
  0x000000001c009800 JavaThread "spark-listener-group-appStatus" daemon [_thread_blocked, id=1064, stack(0x0000000022030000,0x0000000022130000)]
  0x000000001c008800 JavaThread "context-cleaner-periodic-gc" daemon [_thread_blocked, id=2664, stack(0x0000000021f30000,0x0000000022030000)]
  0x000000001c001000 JavaThread "Spark Context Cleaner" daemon [_thread_blocked, id=16516, stack(0x0000000021e30000,0x0000000021f30000)]
  0x000000001c002800 JavaThread "shuffle-server-6-1" daemon [_thread_in_native, id=9532, stack(0x0000000021b30000,0x0000000021c30000)]
  0x000000001c008000 JavaThread "executor-heartbeater" daemon [_thread_blocked, id=8412, stack(0x0000000021830000,0x0000000021930000)]
  0x000000001c007000 JavaThread "driver-heartbeater" daemon [_thread_blocked, id=1476, stack(0x0000000021730000,0x0000000021830000)]
  0x000000001c006800 JavaThread "dag-scheduler-event-loop" daemon [_thread_blocked, id=13368, stack(0x0000000021630000,0x0000000021730000)]
  0x000000001bfff000 JavaThread "netty-rpc-env-timeout" daemon [_thread_blocked, id=18936, stack(0x0000000021530000,0x0000000021630000)]
  0x000000001c005800 JavaThread "Timer-1" daemon [_thread_blocked, id=3992, stack(0x0000000021430000,0x0000000021530000)]
  0x000000001bfff800 JavaThread "Timer-0" daemon [_thread_blocked, id=17212, stack(0x0000000021330000,0x0000000021430000)]
  0x000000001bffe000 JavaThread "heartbeat-receiver-event-loop-thread" daemon [_thread_blocked, id=756, stack(0x0000000021230000,0x0000000021330000)]
  0x000000001c003800 JavaThread "SparkUI-38" daemon [_thread_blocked, id=3100, stack(0x0000000020f30000,0x0000000021030000)]
  0x000000001c004000 JavaThread "SparkUI-37" daemon [_thread_blocked, id=17576, stack(0x0000000020e30000,0x0000000020f30000)]
  0x000000001c002000 JavaThread "SparkUI-36" daemon [_thread_blocked, id=14888, stack(0x0000000020d30000,0x0000000020e30000)]
  0x000000001c000800 JavaThread "SparkUI-35-acceptor-0@115d6b69-ServerConnector@1f9a9732{HTTP/1.1,[http/1.1]}{0.0.0.0:4040}" daemon [_thread_in_native, id=17336, stack(0x0000000020c30000,0x0000000020d30000)]
  0x000000001c005000 JavaThread "SparkUI-34" daemon [_thread_in_native, id=11016, stack(0x0000000020b30000,0x0000000020c30000)]
  0x000000001b6dc000 JavaThread "SparkUI-33" daemon [_thread_in_native, id=16896, stack(0x0000000020a30000,0x0000000020b30000)]
  0x000000001b6db800 JavaThread "SparkUI-32" daemon [_thread_in_native, id=20180, stack(0x0000000020930000,0x0000000020a30000)]
  0x000000001b6da800 JavaThread "SparkUI-31" daemon [_thread_in_native, id=7064, stack(0x0000000020830000,0x0000000020930000)]
  0x000000001b6e0800 JavaThread "RemoteBlock-temp-file-clean-thread" daemon [_thread_blocked, id=6544, stack(0x0000000020530000,0x0000000020630000)]
  0x000000001b6df000 JavaThread "dispatcher-BlockManagerEndpoint1" daemon [_thread_blocked, id=7944, stack(0x0000000020430000,0x0000000020530000)]
  0x000000001b6e1800 JavaThread "dispatcher-BlockManagerMaster" daemon [_thread_blocked, id=19660, stack(0x0000000020330000,0x0000000020430000)]
  0x000000001b6de800 JavaThread "map-output-dispatcher-7" daemon [_thread_blocked, id=12260, stack(0x0000000020030000,0x0000000020130000)]
  0x000000001b6dd800 JavaThread "map-output-dispatcher-6" daemon [_thread_blocked, id=16432, stack(0x000000001ff30000,0x0000000020030000)]
  0x000000001b6e0000 JavaThread "map-output-dispatcher-5" daemon [_thread_blocked, id=20176, stack(0x000000001fe30000,0x000000001ff30000)]
  0x000000001b6dd000 JavaThread "map-output-dispatcher-4" daemon [_thread_blocked, id=13704, stack(0x000000001fd30000,0x000000001fe30000)]
  0x000000001c8a5800 JavaThread "map-output-dispatcher-3" daemon [_thread_blocked, id=6216, stack(0x000000001fc30000,0x000000001fd30000)]
  0x000000001c8a4800 JavaThread "map-output-dispatcher-2" daemon [_thread_blocked, id=20020, stack(0x000000001fa30000,0x000000001fb30000)]
  0x000000001c8a2000 JavaThread "map-output-dispatcher-1" daemon [_thread_blocked, id=5036, stack(0x000000001f930000,0x000000001fa30000)]
  0x000000001c8a1800 JavaThread "map-output-dispatcher-0" daemon [_thread_blocked, id=2056, stack(0x000000001f830000,0x000000001f930000)]
  0x000000001b973800 JavaThread "dispatcher-event-loop-1" daemon [_thread_blocked, id=5680, stack(0x000000001f730000,0x000000001f830000)]
  0x000000001b972800 JavaThread "dispatcher-event-loop-0" daemon [_thread_blocked, id=10968, stack(0x000000001f630000,0x000000001f730000)]
  0x000000001d5cc000 JavaThread "rpc-server-3-1" daemon [_thread_in_native, id=18244, stack(0x000000001f530000,0x000000001f630000)]
  0x000000001b2a2000 JavaThread "Service Thread" daemon [_thread_blocked, id=2416, stack(0x000000001c4b0000,0x000000001c5b0000)]
  0x000000001b1f2000 JavaThread "C1 CompilerThread3" daemon [_thread_blocked, id=10184, stack(0x000000001c3b0000,0x000000001c4b0000)]
  0x000000001b1d7000 JavaThread "C2 CompilerThread2" daemon [_thread_in_native, id=20008, stack(0x000000001c2b0000,0x000000001c3b0000)]
  0x000000001b1d6800 JavaThread "C2 CompilerThread1" daemon [_thread_in_native, id=10596, stack(0x000000001c1b0000,0x000000001c2b0000)]
=>0x000000001b16c000 JavaThread "C2 CompilerThread0" daemon [_thread_in_native, id=6832, stack(0x000000001c0b0000,0x000000001c1b0000)]
  0x0000000019e2f000 JavaThread "JDWP Command Reader" daemon [_thread_in_native, id=18876, stack(0x000000001a7e0000,0x000000001a8e0000)]
  0x0000000019e2d800 JavaThread "JDWP Event Helper Thread" daemon [_thread_blocked, id=16724, stack(0x000000001a6e0000,0x000000001a7e0000)]
  0x0000000019e25000 JavaThread "JDWP Transport Listener: dt_socket" daemon [_thread_blocked, id=16028, stack(0x000000001a5e0000,0x000000001a6e0000)]
  0x0000000019dc7000 JavaThread "Attach Listener" daemon [_thread_blocked, id=19496, stack(0x000000001a4e0000,0x000000001a5e0000)]
  0x0000000019e20800 JavaThread "Signal Dispatcher" daemon [_thread_blocked, id=11140, stack(0x000000001a3e0000,0x000000001a4e0000)]
  0x0000000019da1000 JavaThread "Finalizer" daemon [_thread_blocked, id=10856, stack(0x000000001a280000,0x000000001a380000)]
  0x0000000017fad800 JavaThread "Reference Handler" daemon [_thread_blocked, id=15724, stack(0x000000001a180000,0x000000001a280000)]
  0x0000000002e32000 JavaThread "main" [_thread_blocked, id=17668, stack(0x0000000002d30000,0x0000000002e30000)]

Other Threads:
  0x0000000002f2e800 VMThread [stack: 0x0000000019c80000,0x0000000019d80000] [id=7780]
  0x000000001b364000 WatcherThread [stack: 0x000000001c5b0000,0x000000001c6b0000] [id=4256]

VM state:not at safepoint (normal execution)

VM Mutex/Monitor currently owned by a thread: None

heap address: 0x0000000081c00000, size: 2020 MB, Compressed Oops mode: 32-bit
Narrow klass base: 0x0000000000000000, Narrow klass shift: 3
Compressed class space size: 1073741824 Address: 0x0000000100000000

Heap:
 PSYoungGen      total 170496K, used 18929K [0x00000000d5f00000, 0x00000000e2c80000, 0x0000000100000000)
  eden space 162304K, 6% used [0x00000000d5f00000,0x00000000d697ea70,0x00000000dfd80000)
  from space 8192K, 99% used [0x00000000dfd80000,0x00000000e057dca0,0x00000000e0580000)
  to   space 10240K, 0% used [0x00000000e2280000,0x00000000e2280000,0x00000000e2c80000)
 ParOldGen       total 65536K, used 11683K [0x0000000081c00000, 0x0000000085c00000, 0x00000000d5f00000)
  object space 65536K, 17% used [0x0000000081c00000,0x0000000082768ef0,0x0000000085c00000)
 Metaspace       used 51774K, capacity 55642K, committed 55808K, reserved 1097728K
  class space    used 7213K, capacity 7587K, committed 7680K, reserved 1048576K

Card table byte_map: [0x00000000123f0000,0x00000000127f0000] byte_map_base: 0x0000000011fe2000

Marking Bits: (ParMarkBitMap*) 0x00000000683f5ce0
 Begin Bits: [0x00000000132a0000, 0x0000000015230000)
 End Bits:   [0x0000000015230000, 0x00000000171c0000)

Polling page: 0x0000000000c20000

CodeCache: size=245760Kb used=9590Kb max_used=10082Kb free=236169Kb
 bounds [0x0000000003030000, 0x0000000003a10000, 0x0000000012030000]
 total_blobs=3656 nmethods=3020 adapters=556
 compilation: enabled

Compilation events (10 events):
Event: 13.012 Thread 0x000000001b1f2000 3443       3       org.apache.spark.internal.config.ConfigReader::get (20 bytes)
Event: 13.013 Thread 0x000000001b1f2000 nmethod 3443 0x00000000034e3e90 code [0x00000000034e40e0, 0x00000000034e5088]
Event: 13.013 Thread 0x000000001b1f2000 3444       3       org.apache.spark.internal.config.SparkConfigProvider::get (42 bytes)
Event: 13.014 Thread 0x000000001b1f2000 nmethod 3444 0x00000000032ea050 code [0x00000000032ea300, 0x00000000032eb788]
Event: 13.014 Thread 0x000000001b1f2000 3445       3       org.apache.spark.internal.config.SparkConfigProvider$$Lambda$115/832145584::<init> (15 bytes)
Event: 13.014 Thread 0x000000001b1f2000 nmethod 3445 0x00000000031c3210 code [0x00000000031c3360, 0x00000000031c3530]
Event: 13.015 Thread 0x000000001b1f2000 3447       3       java.lang.invoke.MethodHandles::identity (87 bytes)
Event: 13.017 Thread 0x000000001b1f2000 nmethod 3447 0x00000000032bce50 code [0x00000000032bd1e0, 0x00000000032bf218]
Event: 13.025 Thread 0x000000001b1f2000 3448       3       java.lang.String::trim (77 bytes)
Event: 13.026 Thread 0x000000001b1f2000 nmethod 3448 0x0000000003507950 code [0x0000000003507ae0, 0x0000000003507fa8]

GC Heap History (10 events):
Event: 10.789 GC heap before
{Heap before GC invocations=9 (full 1):
 PSYoungGen      total 68608K, used 65520K [0x00000000d5f00000, 0x00000000dd700000, 0x0000000100000000)
  eden space 60416K, 100% used [0x00000000d5f00000,0x00000000d9a00000,0x00000000d9a00000)
  from space 8192K, 62% used [0x00000000d9a00000,0x00000000d9efc090,0x00000000da200000)
  to   space 7680K, 0% used [0x00000000dcf80000,0x00000000dcf80000,0x00000000dd700000)
 ParOldGen       total 46080K, used 4913K [0x0000000081c00000, 0x0000000084900000, 0x00000000d5f00000)
  object space 46080K, 10% used [0x0000000081c00000,0x00000000820cc730,0x0000000084900000)
 Metaspace       used 32503K, capacity 34290K, committed 34432K, reserved 1079296K
  class space    used 4489K, capacity 4677K, committed 4736K, reserved 1048576K
Event: 10.794 GC heap after
Heap after GC invocations=9 (full 1):
 PSYoungGen      total 115200K, used 5905K [0x00000000d5f00000, 0x00000000dd700000, 0x0000000100000000)
  eden space 107520K, 0% used [0x00000000d5f00000,0x00000000d5f00000,0x00000000dc800000)
  from space 7680K, 76% used [0x00000000dcf80000,0x00000000dd5446e0,0x00000000dd700000)
  to   space 7680K, 0% used [0x00000000dc800000,0x00000000dc800000,0x00000000dcf80000)
 ParOldGen       total 46080K, used 4921K [0x0000000081c00000, 0x0000000084900000, 0x00000000d5f00000)
  object space 46080K, 10% used [0x0000000081c00000,0x00000000820ce730,0x0000000084900000)
 Metaspace       used 32503K, capacity 34290K, committed 34432K, reserved 1079296K
  class space    used 4489K, capacity 4677K, committed 4736K, reserved 1048576K
}
Event: 10.856 GC heap before
{Heap before GC invocations=10 (full 1):
 PSYoungGen      total 115200K, used 19973K [0x00000000d5f00000, 0x00000000dd700000, 0x0000000100000000)
  eden space 107520K, 13% used [0x00000000d5f00000,0x00000000d6cbceb0,0x00000000dc800000)
  from space 7680K, 76% used [0x00000000dcf80000,0x00000000dd5446e0,0x00000000dd700000)
  to   space 7680K, 0% used [0x00000000dc800000,0x00000000dc800000,0x00000000dcf80000)
 ParOldGen       total 46080K, used 4921K [0x0000000081c00000, 0x0000000084900000, 0x00000000d5f00000)
  object space 46080K, 10% used [0x0000000081c00000,0x00000000820ce730,0x0000000084900000)
 Metaspace       used 33596K, capacity 35346K, committed 35496K, reserved 1079296K
  class space    used 4586K, capacity 4773K, committed 4864K, reserved 1048576K
Event: 10.860 GC heap after
Heap after GC invocations=10 (full 1):
 PSYoungGen      total 115200K, used 4087K [0x00000000d5f00000, 0x00000000e0e00000, 0x0000000100000000)
  eden space 107520K, 0% used [0x00000000d5f00000,0x00000000d5f00000,0x00000000dc800000)
  from space 7680K, 53% used [0x00000000dc800000,0x00000000dcbfdfc8,0x00000000dcf80000)
  to   space 7680K, 0% used [0x00000000e0680000,0x00000000e0680000,0x00000000e0e00000)
 ParOldGen       total 46080K, used 5325K [0x0000000081c00000, 0x0000000084900000, 0x00000000d5f00000)
  object space 46080K, 11% used [0x0000000081c00000,0x00000000821337a0,0x0000000084900000)
 Metaspace       used 33596K, capacity 35346K, committed 35496K, reserved 1079296K
  class space    used 4586K, capacity 4773K, committed 4864K, reserved 1048576K
}
Event: 10.860 GC heap before
{Heap before GC invocations=11 (full 2):
 PSYoungGen      total 115200K, used 4087K [0x00000000d5f00000, 0x00000000e0e00000, 0x0000000100000000)
  eden space 107520K, 0% used [0x00000000d5f00000,0x00000000d5f00000,0x00000000dc800000)
  from space 7680K, 53% used [0x00000000dc800000,0x00000000dcbfdfc8,0x00000000dcf80000)
  to   space 7680K, 0% used [0x00000000e0680000,0x00000000e0680000,0x00000000e0e00000)
 ParOldGen       total 46080K, used 5325K [0x0000000081c00000, 0x0000000084900000, 0x00000000d5f00000)
  object space 46080K, 11% used [0x0000000081c00000,0x00000000821337a0,0x0000000084900000)
 Metaspace       used 33596K, capacity 35346K, committed 35496K, reserved 1079296K
  class space    used 4586K, capacity 4773K, committed 4864K, reserved 1048576K
Event: 10.951 GC heap after
Heap after GC invocations=11 (full 2):
 PSYoungGen      total 115200K, used 0K [0x00000000d5f00000, 0x00000000e0e00000, 0x0000000100000000)
  eden space 107520K, 0% used [0x00000000d5f00000,0x00000000d5f00000,0x00000000dc800000)
  from space 7680K, 0% used [0x00000000dc800000,0x00000000dc800000,0x00000000dcf80000)
  to   space 7680K, 0% used [0x00000000e0680000,0x00000000e0680000,0x00000000e0e00000)
 ParOldGen       total 65536K, used 8696K [0x0000000081c00000, 0x0000000085c00000, 0x00000000d5f00000)
  object space 65536K, 13% used [0x0000000081c00000,0x000000008247e138,0x0000000085c00000)
 Metaspace       used 33596K, capacity 35346K, committed 35496K, reserved 1079296K
  class space    used 4586K, capacity 4773K, committed 4864K, reserved 1048576K
}
Event: 11.719 GC heap before
{Heap before GC invocations=12 (full 2):
 PSYoungGen      total 115200K, used 107520K [0x00000000d5f00000, 0x00000000e0e00000, 0x0000000100000000)
  eden space 107520K, 100% used [0x00000000d5f00000,0x00000000dc800000,0x00000000dc800000)
  from space 7680K, 0% used [0x00000000dc800000,0x00000000dc800000,0x00000000dcf80000)
  to   space 7680K, 0% used [0x00000000e0680000,0x00000000e0680000,0x00000000e0e00000)
 ParOldGen       total 65536K, used 8696K [0x0000000081c00000, 0x0000000085c00000, 0x00000000d5f00000)
  object space 65536K, 13% used [0x0000000081c00000,0x000000008247e138,0x0000000085c00000)
 Metaspace       used 40681K, capacity 42926K, committed 43136K, reserved 1087488K
  class space    used 5715K, capacity 5914K, committed 6016K, reserved 1048576K
Event: 11.725 GC heap after
Heap after GC invocations=12 (full 2):
 PSYoungGen      total 151040K, used 7041K [0x00000000d5f00000, 0x00000000e0d80000, 0x0000000100000000)
  eden space 143872K, 0% used [0x00000000d5f00000,0x00000000d5f00000,0x00000000deb80000)
  from space 7168K, 98% used [0x00000000e0680000,0x00000000e0d605f0,0x00000000e0d80000)
  to   space 8192K, 0% used [0x00000000dfd80000,0x00000000dfd80000,0x00000000e0580000)
 ParOldGen       total 65536K, used 8704K [0x0000000081c00000, 0x0000000085c00000, 0x00000000d5f00000)
  object space 65536K, 13% used [0x0000000081c00000,0x0000000082480138,0x0000000085c00000)
 Metaspace       used 40681K, capacity 42926K, committed 43136K, reserved 1087488K
  class space    used 5715K, capacity 5914K, committed 6016K, reserved 1048576K
}
Event: 12.941 GC heap before
{Heap before GC invocations=13 (full 2):
 PSYoungGen      total 151040K, used 150913K [0x00000000d5f00000, 0x00000000e0d80000, 0x0000000100000000)
  eden space 143872K, 100% used [0x00000000d5f00000,0x00000000deb80000,0x00000000deb80000)
  from space 7168K, 98% used [0x00000000e0680000,0x00000000e0d605f0,0x00000000e0d80000)
  to   space 8192K, 0% used [0x00000000dfd80000,0x00000000dfd80000,0x00000000e0580000)
 ParOldGen       total 65536K, used 8704K [0x0000000081c00000, 0x0000000085c00000, 0x00000000d5f00000)
  object space 65536K, 13% used [0x0000000081c00000,0x0000000082480138,0x0000000085c00000)
 Metaspace       used 51341K, capacity 55084K, committed 55168K, reserved 1097728K
  class space    used 7144K, capacity 7503K, committed 7552K, reserved 1048576K
Event: 12.953 GC heap after
Heap after GC invocations=13 (full 2):
 PSYoungGen      total 170496K, used 8183K [0x00000000d5f00000, 0x00000000e2c80000, 0x0000000100000000)
  eden space 162304K, 0% used [0x00000000d5f00000,0x00000000d5f00000,0x00000000dfd80000)
  from space 8192K, 99% used [0x00000000dfd80000,0x00000000e057dca0,0x00000000e0580000)
  to   space 10240K, 0% used [0x00000000e2280000,0x00000000e2280000,0x00000000e2c80000)
 ParOldGen       total 65536K, used 11683K [0x0000000081c00000, 0x0000000085c00000, 0x00000000d5f00000)
  object space 65536K, 17% used [0x0000000081c00000,0x0000000082768ef0,0x0000000085c00000)
 Metaspace       used 51341K, capacity 55084K, committed 55168K, reserved 1097728K
  class space    used 7144K, capacity 7503K, committed 7552K, reserved 1048576K
}

Deoptimization events (10 events):
Event: 12.499 Thread 0x0000000002e32000 Uncommon trap: reason=unstable_if action=reinterpret pc=0x00000000038c5910 method=org.apache.xbean.asm7.ClassReader.readUTF8(I[C)Ljava/lang/String; @ 11
Event: 12.520 Thread 0x0000000002e32000 Uncommon trap: reason=unstable_if action=reinterpret pc=0x00000000038c4488 method=org.apache.xbean.asm7.ClassReader.readUtf(II[C)Ljava/lang/String; @ 41
Event: 12.521 Thread 0x0000000002e32000 Uncommon trap: reason=unstable_if action=reinterpret pc=0x00000000038c2520 method=org.apache.xbean.asm7.ClassReader.readUtf(II[C)Ljava/lang/String; @ 41
Event: 12.779 Thread 0x000000001c009800 Uncommon trap: reason=class_check action=maybe_recompile pc=0x000000000346e374 method=java.util.concurrent.ConcurrentHashMap.putVal(Ljava/lang/Object;Ljava/lang/Object;Z)Ljava/lang/Object; @ 192
Event: 12.781 Thread 0x000000001c009800 Uncommon trap: reason=class_check action=maybe_recompile pc=0x000000000346e374 method=java.util.concurrent.ConcurrentHashMap.putVal(Ljava/lang/Object;Ljava/lang/Object;Z)Ljava/lang/Object; @ 192
Event: 12.830 Thread 0x000000001c006800 Uncommon trap: reason=class_check action=maybe_recompile pc=0x000000000346e374 method=java.util.concurrent.ConcurrentHashMap.putVal(Ljava/lang/Object;Ljava/lang/Object;Z)Ljava/lang/Object; @ 192
Event: 12.983 Thread 0x000000001c00d000 Uncommon trap: reason=class_check action=maybe_recompile pc=0x00000000036f6cd4 method=java.lang.ClassLoader.loadClass(Ljava/lang/String;Z)Ljava/lang/Class; @ 38
Event: 12.984 Thread 0x000000001c00d000 Uncommon trap: reason=class_check action=maybe_recompile pc=0x00000000036f6cd4 method=java.lang.ClassLoader.loadClass(Ljava/lang/String;Z)Ljava/lang/Class; @ 38
Event: 12.984 Thread 0x000000001c00d000 Uncommon trap: reason=class_check action=maybe_recompile pc=0x00000000036f6cd4 method=java.lang.ClassLoader.loadClass(Ljava/lang/String;Z)Ljava/lang/Class; @ 38
Event: 12.984 Thread 0x000000001c00d000 Uncommon trap: reason=class_check action=maybe_recompile pc=0x00000000036f6cd4 method=java.lang.ClassLoader.loadClass(Ljava/lang/String;Z)Ljava/lang/Class; @ 38

Classes redefined (0 events):
No events

Internal exceptions (10 events):
Event: 12.885 Thread 0x000000001c006800 Exception <a 'java/lang/NoSuchMethodError': java.lang.Object.$anonfun$unzip$1(Lscala/Function1;Lscala/collection/mutable/Builder;Lscala/collection/mutable/Builder;Ljava/lang/Object;)Lscala/collection/mutable/Builder;> (0x00000000de74e778) thrown at [C:\re
Event: 12.898 Thread 0x000000001b972800 Exception <a 'java/lang/NoSuchMethodError': java.lang.Object.$anonfun$toSeq$1(Lscala/collection/mutable/Builder;Ljava/lang/Object;)Lscala/collection/mutable/Builder;> (0x00000000de8e7d20) thrown at [C:\re\workspace\8-2-build-windows-amd64-cygwin\jdk8u211\
Event: 12.903 Thread 0x000000001b972800 Exception <a 'java/lang/NoSuchMethodError': java.lang.Object.$anonfun$collectionAsScalaIterableConverter$1(Lscala/collection/convert/DecorateAsScala;Ljava/util/Collection;)Lscala/collection/Iterable;> (0x00000000de917930) thrown at [C:\re\workspace\8-2-bu
Event: 12.924 Thread 0x000000001b972800 Exception <a 'java/lang/NoSuchMethodError': <clinit>> (0x00000000dea5faf8) thrown at [C:\re\workspace\8-2-build-windows-amd64-cygwin\jdk8u211\12973\hotspot\src\share\vm\prims\jni.cpp, line 1614]
Event: 12.924 Thread 0x000000001b972800 Exception <a 'java/lang/NoSuchMethodError': <clinit>> (0x00000000dea6e2a8) thrown at [C:\re\workspace\8-2-build-windows-amd64-cygwin\jdk8u211\12973\hotspot\src\share\vm\prims\jni.cpp, line 1614]
Event: 12.925 Thread 0x000000001b972800 Exception <a 'java/lang/NoSuchMethodError': <clinit>> (0x00000000dea7c640) thrown at [C:\re\workspace\8-2-build-windows-amd64-cygwin\jdk8u211\12973\hotspot\src\share\vm\prims\jni.cpp, line 1614]
Event: 12.926 Thread 0x000000001b972800 Exception <a 'java/lang/NoSuchMethodError': <clinit>> (0x00000000dea88e88) thrown at [C:\re\workspace\8-2-build-windows-amd64-cygwin\jdk8u211\12973\hotspot\src\share\vm\prims\jni.cpp, line 1614]
Event: 12.927 Thread 0x000000001b972800 Exception <a 'java/lang/NoSuchMethodError': <clinit>> (0x00000000dea9bb40) thrown at [C:\re\workspace\8-2-build-windows-amd64-cygwin\jdk8u211\12973\hotspot\src\share\vm\prims\jni.cpp, line 1614]
Event: 12.928 Thread 0x000000001b972800 Exception <a 'java/lang/NoSuchMethodError': <clinit>> (0x00000000deaa4d30) thrown at [C:\re\workspace\8-2-build-windows-amd64-cygwin\jdk8u211\12973\hotspot\src\share\vm\prims\jni.cpp, line 1614]
Event: 12.972 Thread 0x000000001c009800 Exception <a 'java/lang/NoSuchMethodError': java.lang.Object.$anonfun$$plus$plus$1(Lscala/collection/immutable/Map;Lscala/Tuple2;)Lscala/collection/immutable/Map;> (0x00000000d62cfc30) thrown at [C:\re\workspace\8-2-build-windows-amd64-cygwin\jdk8u211\129

Events (10 events):
Event: 13.030 Thread 0x000000001c00d000 DEOPT PACKING pc=0x0000000003554e8c sp=0x0000000023ade1c0
Event: 13.030 Thread 0x000000001c00d000 DEOPT UNPACKING pc=0x0000000003077890 sp=0x0000000023addf30 mode 1
Event: 13.030 Thread 0x000000001c00d000 DEOPT PACKING pc=0x00000000034b219c sp=0x0000000023ade260
Event: 13.030 Thread 0x000000001c00d000 DEOPT UNPACKING pc=0x0000000003077890 sp=0x0000000023addf18 mode 1
Event: 13.030 Thread 0x000000001c00d000 DEOPT PACKING pc=0x00000000034b2c61 sp=0x0000000023ade140
Event: 13.030 Thread 0x000000001c00d000 DEOPT UNPACKING pc=0x0000000003077890 sp=0x0000000023adde98 mode 1
Event: 13.030 Thread 0x000000001c00d000 DEOPT PACKING pc=0x0000000003554e8c sp=0x0000000023ade1c0
Event: 13.030 Thread 0x000000001c00d000 DEOPT UNPACKING pc=0x0000000003077890 sp=0x0000000023addf30 mode 1
Event: 13.030 Thread 0x000000001c00d000 DEOPT PACKING pc=0x00000000034b219c sp=0x0000000023ade260
Event: 13.030 Thread 0x000000001c00d000 DEOPT UNPACKING pc=0x0000000003077890 sp=0x0000000023addf18 mode 1


Dynamic libraries:
0x00007ff66aa60000 - 0x00007ff66aa97000 	C:\Program Files\Java\jdk1.8.0_211\bin\java.exe
0x00007ff8121e0000 - 0x00007ff8123d0000 	C:\WINDOWS\SYSTEM32\ntdll.dll
0x00007ff8112d0000 - 0x00007ff811382000 	C:\WINDOWS\System32\KERNEL32.DLL
0x00007ff80fac0000 - 0x00007ff80fd63000 	C:\WINDOWS\System32\KERNELBASE.dll
0x00007ff8114d0000 - 0x00007ff811573000 	C:\WINDOWS\System32\ADVAPI32.dll
0x00007ff811580000 - 0x00007ff81161e000 	C:\WINDOWS\System32\msvcrt.dll
0x00007ff810770000 - 0x00007ff810807000 	C:\WINDOWS\System32\sechost.dll
0x00007ff811fd0000 - 0x00007ff8120f0000 	C:\WINDOWS\System32\RPCRT4.dll
0x00007ff810e30000 - 0x00007ff810fc4000 	C:\WINDOWS\System32\USER32.dll
0x00007ff80f1a0000 - 0x00007ff80f1c1000 	C:\WINDOWS\System32\win32u.dll
0x00007ff811d10000 - 0x00007ff811d36000 	C:\WINDOWS\System32\GDI32.dll
0x00007ff80ffd0000 - 0x00007ff810164000 	C:\WINDOWS\System32\gdi32full.dll
0x00007ff8101f0000 - 0x00007ff81028e000 	C:\WINDOWS\System32\msvcp_win.dll
0x00007ff80fed0000 - 0x00007ff80ffca000 	C:\WINDOWS\System32\ucrtbase.dll
0x00007ffffec50000 - 0x00007ffffeed5000 	C:\WINDOWS\WinSxS\amd64_microsoft.windows.common-controls_6595b64144ccf1df_6.0.18362.535_none_e6c3b34713100821\COMCTL32.dll
0x00007ff810430000 - 0x00007ff810766000 	C:\WINDOWS\System32\combase.dll
0x00007ff810170000 - 0x00007ff8101f0000 	C:\WINDOWS\System32\bcryptPrimitives.dll
0x00007ff811fa0000 - 0x00007ff811fce000 	C:\WINDOWS\System32\IMM32.DLL
0x0000000068480000 - 0x0000000068552000 	C:\Program Files\Java\jdk1.8.0_211\jre\bin\msvcr100.dll
0x0000000067bd0000 - 0x0000000068475000 	C:\Program Files\Java\jdk1.8.0_211\jre\bin\server\jvm.dll
0x00007ff811d40000 - 0x00007ff811d48000 	C:\WINDOWS\System32\PSAPI.DLL
0x00007ffff7480000 - 0x00007ffff7489000 	C:\WINDOWS\SYSTEM32\WSOCK32.dll
0x00007ff8054c0000 - 0x00007ff8054ca000 	C:\WINDOWS\SYSTEM32\VERSION.dll
0x00007ff80d040000 - 0x00007ff80d064000 	C:\WINDOWS\SYSTEM32\WINMM.dll
0x00007ff811d80000 - 0x00007ff811def000 	C:\WINDOWS\System32\WS2_32.dll
0x00007ff80cfc0000 - 0x00007ff80cfed000 	C:\WINDOWS\SYSTEM32\winmmbase.dll
0x00007ff80fe80000 - 0x00007ff80feca000 	C:\WINDOWS\System32\cfgmgr32.dll
0x00007ff80b7c0000 - 0x00007ff80b7cf000 	C:\Program Files\Java\jdk1.8.0_211\jre\bin\verify.dll
0x00007ffffd200000 - 0x00007ffffd229000 	C:\Program Files\Java\jdk1.8.0_211\jre\bin\java.dll
0x00007fffef6f0000 - 0x00007fffef725000 	C:\Program Files\Java\jdk1.8.0_211\jre\bin\jdwp.dll
0x00007ff80b4b0000 - 0x00007ff80b4b8000 	C:\Program Files\Java\jdk1.8.0_211\jre\bin\npt.dll
0x00007fffedfa0000 - 0x00007fffedfc3000 	C:\Program Files\Java\jdk1.8.0_211\jre\bin\instrument.dll
0x00007ffffde10000 - 0x00007ffffde26000 	C:\Program Files\Java\jdk1.8.0_211\jre\bin\zip.dll
0x00007ff811620000 - 0x00007ff811d05000 	C:\WINDOWS\System32\SHELL32.dll
0x00007ff810d80000 - 0x00007ff810e29000 	C:\WINDOWS\System32\shcore.dll
0x00007ff80f320000 - 0x00007ff80fa9f000 	C:\WINDOWS\System32\windows.storage.dll
0x00007ff80f130000 - 0x00007ff80f14f000 	C:\WINDOWS\System32\profapi.dll
0x00007ff80f0c0000 - 0x00007ff80f10a000 	C:\WINDOWS\System32\powrprof.dll
0x00007ff80f0b0000 - 0x00007ff80f0c0000 	C:\WINDOWS\System32\UMPDC.dll
0x00007ff811470000 - 0x00007ff8114c2000 	C:\WINDOWS\System32\shlwapi.dll
0x00007ff80f110000 - 0x00007ff80f121000 	C:\WINDOWS\System32\kernel.appcore.dll
0x00007ff80faa0000 - 0x00007ff80fab7000 	C:\WINDOWS\System32\cryptsp.dll
0x00007ff803aa0000 - 0x00007ff803aa9000 	C:\Program Files\Java\jdk1.8.0_211\jre\bin\dt_socket.dll
0x00007ff80e920000 - 0x00007ff80e987000 	C:\WINDOWS\system32\mswsock.dll
0x00007fffef840000 - 0x00007fffef85a000 	C:\Program Files\Java\jdk1.8.0_211\jre\bin\net.dll
0x00007ff8004d0000 - 0x00007ff8006a6000 	C:\WINDOWS\SYSTEM32\urlmon.dll
0x00007ff800a30000 - 0x00007ff800cd6000 	C:\WINDOWS\SYSTEM32\iertutil.dll
0x00007ff80eaf0000 - 0x00007ff80eafc000 	C:\WINDOWS\SYSTEM32\CRYPTBASE.DLL
0x00007fffef580000 - 0x00007fffef596000 	C:\WINDOWS\system32\napinsp.dll
0x00007fffef560000 - 0x00007fffef57a000 	C:\WINDOWS\system32\pnrpnsp.dll
0x00007ff80e670000 - 0x00007ff80e73a000 	C:\WINDOWS\SYSTEM32\DNSAPI.dll
0x00007ff811d50000 - 0x00007ff811d58000 	C:\WINDOWS\System32\NSI.dll
0x00007ff80e630000 - 0x00007ff80e66a000 	C:\WINDOWS\SYSTEM32\IPHLPAPI.DLL
0x00007fffef550000 - 0x00007fffef55e000 	C:\WINDOWS\System32\winrnr.dll
0x00007ff80b4c0000 - 0x00007ff80b4dc000 	C:\WINDOWS\system32\NLAapi.dll
0x00007ff80aaf0000 - 0x00007ff80ab05000 	C:\WINDOWS\system32\wshbth.dll
0x00007ff802380000 - 0x00007ff80238a000 	C:\Windows\System32\rasadhlp.dll
0x00007ff803040000 - 0x00007ff8030b7000 	C:\WINDOWS\System32\fwpuclnt.dll
0x00007ff80f170000 - 0x00007ff80f196000 	C:\WINDOWS\System32\bcrypt.dll
0x00007ff80b6e0000 - 0x00007ff80b6ed000 	C:\Program Files\Java\jdk1.8.0_211\jre\bin\management.dll
0x00007ffffe300000 - 0x00007ffffe309000 	C:\Program Files\Java\jdk1.8.0_211\jre\bin\w2k_lsa_auth.dll
0x00007ffffb8d0000 - 0x00007ffffb8dc000 	C:\WINDOWS\SYSTEM32\Secur32.dll
0x00007ff80efa0000 - 0x00007ff80efcf000 	C:\WINDOWS\SYSTEM32\SSPICLI.DLL
0x00007ffffd250000 - 0x00007ffffd26a000 	E:\hadoop-2.7.1\bin\hadoop.dll
0x00007ffff1b60000 - 0x00007ffff1b77000 	C:\WINDOWS\SYSTEM32\NETAPI32.dll
0x00007ff80e210000 - 0x00007ff80e25a000 	C:\WINDOWS\SYSTEM32\AUTHZ.dll
0x00007ff80e740000 - 0x00007ff80e74c000 	C:\WINDOWS\SYSTEM32\NETUTILS.DLL
0x00007ff808710000 - 0x00007ff808728000 	C:\WINDOWS\SYSTEM32\SAMCLI.DLL
0x00007ffffe2a0000 - 0x00007ffffe2a8000 	C:\Program Files\Java\jdk1.8.0_211\jre\bin\jaas_nt.dll
0x00007fffef820000 - 0x00007fffef832000 	C:\Program Files\Java\jdk1.8.0_211\jre\bin\nio.dll
0x00007ff80e490000 - 0x00007ff80e4c3000 	C:\WINDOWS\system32\rsaenh.dll
0x00007ff80efd0000 - 0x00007ff80eff5000 	C:\WINDOWS\SYSTEM32\USERENV.dll
0x00007ff803af0000 - 0x00007ff803b06000 	C:\WINDOWS\SYSTEM32\dhcpcsvc6.DLL
0x00007ff803830000 - 0x00007ff80384c000 	C:\WINDOWS\SYSTEM32\dhcpcsvc.DLL
0x0000000066f40000 - 0x0000000066fc1000 	C:\Users\50136\AppData\Local\Temp\liblz4-java4235378671273004304.so

VM Arguments:
jvm_args: -agentlib:jdwp=transport=dt_socket,address=127.0.0.1:50336,suspend=y,server=n -javaagent:C:\Users\50136\.IntelliJIdea2019.1\system\captureAgent\debugger-agent.jar -Dfile.encoding=UTF-8 
java_command: main.Compute
java_class_path (initial): C:\Program Files\Java\jdk1.8.0_211\jre\lib\charsets.jar;C:\Program Files\Java\jdk1.8.0_211\jre\lib\deploy.jar;C:\Program Files\Java\jdk1.8.0_211\jre\lib\ext\access-bridge-64.jar;C:\Program Files\Java\jdk1.8.0_211\jre\lib\ext\cldrdata.jar;C:\Program Files\Java\jdk1.8.0_211\jre\lib\ext\dnsns.jar;C:\Program Files\Java\jdk1.8.0_211\jre\lib\ext\jaccess.jar;C:\Program Files\Java\jdk1.8.0_211\jre\lib\ext\jfxrt.jar;C:\Program Files\Java\jdk1.8.0_211\jre\lib\ext\localedata.jar;C:\Program Files\Java\jdk1.8.0_211\jre\lib\ext\nashorn.jar;C:\Program Files\Java\jdk1.8.0_211\jre\lib\ext\sunec.jar;C:\Program Files\Java\jdk1.8.0_211\jre\lib\ext\sunjce_provider.jar;C:\Program Files\Java\jdk1.8.0_211\jre\lib\ext\sunmscapi.jar;C:\Program Files\Java\jdk1.8.0_211\jre\lib\ext\sunpkcs11.jar;C:\Program Files\Java\jdk1.8.0_211\jre\lib\ext\zipfs.jar;C:\Program Files\Java\jdk1.8.0_211\jre\lib\javaws.jar;C:\Program Files\Java\jdk1.8.0_211\jre\lib\jce.jar;C:\Program Files\Java\jdk1.8.0_211\jre\lib\jfr.jar;C:\Program Files\Java\jdk1.8.0_211\jre\lib\jfxswt.jar;C:\Program Files\Java\jdk1.8.0_211\jre\lib\jsse.jar;C:\Program Files\Java\jdk1.8.0_211\jre\lib\management-agent.jar;C:\Program Files\Java\jdk1.8.0_211\jre\lib\plugin.jar;C:\Program Files\Java\jdk1.8.0_211\jre\lib\resources.jar;C:\Program Files\Java\jdk1.8.0_211\jre\lib\rt.jar;D:\IdeaProjects\scala\out\production\scala;E:\scala\lib\scala-library.jar;E:\scala\lib\scala-reflect.jar;E:\spark\jars\xz-1.5.jar;E:\spark\jars\jta-1.1.jar;E:\spark\jars\jpam-1.1.jar;E:\spark\jars\guice-3.0.jar;E:\spark\jars\ivy-2.4.0.jar;E:\spark\jars\oro-2.0.8.jar;E:\spark\jars\ST4-4.0.4.jar;E:\spark\jars\avro-1.8.2.jar;E:\spark\jars\core-1.1.2.jar;E:\spark\jars\gson-2.2.4.jar;E:\spark\jars\hppc-0.7.2.jar;E:\spark\jars\snappy-0.2.jar;E:\spark\jars\antlr-2.7.7.jar;E:\spark\jars\jsp-api-2.1.jar;E:\spark\jars\okio-1.15.0.jar;E:\spark\jars\opencsv-2.3.jar;E:\spark\jars\xmlenc-0.52.jar;E:\spark\jars\guava-14.0.1.jar;E:\spark\jars\jetty-6.1.26.j
Launcher Type: SUN_STANDARD

Environment Variables:
JAVA_HOME=C:\Program Files\Java\jdk1.8.0_211
CLASSPATH=D:\apache-ant-1.10.5\lib;.;E:\scala\bin;E:\scala\lib\dt.jar;E:\scala\lib\tools.jar.;
PATH=C:\Program Files (x86)\Common Files\Oracle\Java\javapath;C:\Program Files (x86)\Python37-32\Scripts\;C:\Program Files (x86)\Python37-32\;C:\Program Files (x86)\Intel\Intel(R) Management Engine Components\iCLS\;C:\Program Files\Intel\Intel(R) Management Engine Components\iCLS\;C:\Windows\system32;C:\Windows;C:\Windows\System32\Wbem;C:\Windows\System32\WindowsPowerShell\v1.0\;C:\Program Files (x86)\Intel\Intel(R) Management Engine Components\DAL;C:\Program Files\Intel\Intel(R) Management Engine Components\DAL;C:\Program Files (x86)\Intel\Intel(R) Management Engine Components\IPT;C:\Program Files\Intel\Intel(R) Management Engine Components\IPT;C:\Program Files (x86)\NVIDIA Corporation\PhysX\Common;C:\MinGW\bin;C:\WINDOWS\system32;C:\WINDOWS;C:\WINDOWS\System32\Wbem;C:\WINDOWS\System32\WindowsPowerShell\v1.0\;C:\WINDOWS\System32\OpenSSH\;C:\Program Files\Java\jdk1.8.0_211\bin;C:\Program Files\Git\cmd;D:\apache-ant-1.10.5\bin;E:\matlab\runtime\win64;E:\matlab\bin;C:\Program Files\Intel\WiFi\bin\;C:\Program Files\Common Files\Intel\WirelessCommon\;C:\Program Files\NVIDIA Corporation\NVIDIA NvDLISR;E:\scala\bin;E:\scala\jre\bin;E:\spark\bin;E:\hadoop-2.7.1\bin;E:\apache-maven-3.6.3\bin;D:\sbt\bin;C:\Users\50136\AppData\Local\Microsoft\WindowsApps;C:\Program Files\Intel\WiFi\bin\;C:\Program Files\Common Files\Intel\WirelessCommon\;C:\Program Files\Java\jdk1.8.0_211\bin;;C:\Users\50136\AppData\Local\Microsoft\WindowsApps;E:\Docker Toolbox
USERNAME=50136
OS=Windows_NT
PROCESSOR_IDENTIFIER=Intel64 Family 6 Model 142 Stepping 10, GenuineIntel



---------------  S Y S T E M  ---------------

OS: Windows 10.0 , 64 bit Build 18362 (10.0.18362.329)

CPU:total 8 (initial active 8) (4 cores per cpu, 2 threads per core) family 6 model 142 stepping 10, cmov, cx8, fxsr, mmx, sse, sse2, sse3, ssse3, sse4.1, sse4.2, popcnt, avx, avx2, aes, clmul, erms, 3dnowpref, lzcnt, ht, tsc, tscinvbit, bmi1, bmi2, adx

Memory: 4k page, physical 8269924k(825860k free), swap 19711712k(5332k free)

vm_info: Java HotSpot(TM) 64-Bit Server VM (25.211-b12) for windows-amd64 JRE (1.8.0_211-b12), built on Apr  1 2019 20:53:26 by "java_re" with MS VC++ 10.0 (VS2010)

time: Thu Dec 19 11:14:49 2019
timezone: 中国标准时间
elapsed time: 13 seconds (0d 0h 0m 13s)

