#
# There is insufficient memory for the Java Runtime Environment to continue.
# Native memory allocation (malloc) failed to allocate 1533856 bytes for Chunk::new
# Possible reasons:
#   The system is out of physical RAM or swap space
#   The process is running with CompressedOops enabled, and the Java Heap may be blocking the growth of the native heap
# Possible solutions:
#   Reduce memory load on the system
#   Increase physical memory or swap space
#   Check if swap backing store is full
#   Decrease Java heap size (-Xmx/-Xms)
#   Decrease number of Java threads
#   Decrease Java thread stack sizes (-Xss)
#   Set larger code cache with -XX:ReservedCodeCacheSize=
#   JVM is running with Unscaled Compressed Oops mode in which the Java heap is
#     placed in the first 4GB address space. The Java Heap base address is the
#     maximum limit for the native heap growth. Please use -XX:HeapBaseMinAddress
#     to set the Java Heap base and to place the Java Heap above 4GB virtual address.
# This output file may be truncated or incomplete.
#
#  Out of Memory Error (allocation.cpp:389), pid=20188, tid=0x0000000000001da4
#
# JRE version: Java(TM) SE Runtime Environment (8.0_211-b12) (build 1.8.0_211-b12)
# Java VM: Java HotSpot(TM) 64-Bit Server VM (25.211-b12 mixed mode windows-amd64 compressed oops)
# Failed to write core dump. Minidumps are not enabled by default on client versions of Windows
#

---------------  T H R E A D  ---------------

Current thread (0x000000001ab7d800):  JavaThread "C2 CompilerThread2" daemon [_thread_in_native, id=7588, stack(0x000000001bde0000,0x000000001bee0000)]

Stack: [0x000000001bde0000,0x000000001bee0000]
[error occurred during error reporting (printing stack bounds), id 0xc0000005]

Native frames: (J=compiled Java code, j=interpreted, Vv=VM code, C=native code)


Current CompileTask:
C2:   4830 2420   !   4       java.net.URLClassLoader$1::run (63 bytes)


---------------  P R O C E S S  ---------------

Java Threads: ( => current thread )
  0x000000001dba2000 JavaThread "org.apache.hadoop.fs.FileSystem$Statistics$StatisticsDataReferenceCleaner" daemon [_thread_blocked, id=20192, stack(0x00000000222f0000,0x00000000223f0000)]
  0x000000001dba1800 JavaThread "element-tracking-store-worker" daemon [_thread_blocked, id=10644, stack(0x0000000021f40000,0x0000000022040000)]
  0x000000001db99000 JavaThread "spark-listener-group-executorManagement" daemon [_thread_blocked, id=13820, stack(0x0000000021c40000,0x0000000021d40000)]
  0x000000001dba0000 JavaThread "spark-listener-group-appStatus" daemon [_thread_blocked, id=9552, stack(0x0000000021530000,0x0000000021630000)]
  0x000000001db9f000 JavaThread "context-cleaner-periodic-gc" daemon [_thread_blocked, id=21160, stack(0x0000000021b40000,0x0000000021c40000)]
  0x000000001db9e800 JavaThread "Spark Context Cleaner" daemon [_thread_blocked, id=12856, stack(0x0000000021a40000,0x0000000021b40000)]
  0x000000001db9d800 JavaThread "shuffle-server-6-1" daemon [_thread_in_native, id=7312, stack(0x0000000021430000,0x0000000021530000)]
  0x000000001db9d000 JavaThread "executor-heartbeater" daemon [_thread_blocked, id=5548, stack(0x0000000021330000,0x0000000021430000)]
  0x000000001db95800 JavaThread "driver-heartbeater" daemon [_thread_blocked, id=13756, stack(0x0000000021230000,0x0000000021330000)]
  0x000000001db98800 JavaThread "dag-scheduler-event-loop" daemon [_thread_blocked, id=10760, stack(0x0000000021130000,0x0000000021230000)]
  0x000000001db9b800 JavaThread "Timer-1" daemon [_thread_blocked, id=18628, stack(0x0000000021030000,0x0000000021130000)]
  0x000000001db9c000 JavaThread "Timer-0" daemon [_thread_blocked, id=15620, stack(0x0000000020f30000,0x0000000021030000)]
  0x000000001db97800 JavaThread "netty-rpc-env-timeout" daemon [_thread_blocked, id=18040, stack(0x0000000020e30000,0x0000000020f30000)]
  0x000000001db97000 JavaThread "heartbeat-receiver-event-loop-thread" daemon [_thread_blocked, id=22016, stack(0x0000000020d30000,0x0000000020e30000)]
  0x000000001db9a000 JavaThread "SparkUI-36" daemon [_thread_blocked, id=7248, stack(0x0000000020a30000,0x0000000020b30000)]
  0x000000001db9a800 JavaThread "SparkUI-35" daemon [_thread_blocked, id=19596, stack(0x0000000020930000,0x0000000020a30000)]
  0x000000001db96000 JavaThread "SparkUI-34" daemon [_thread_blocked, id=20448, stack(0x0000000020830000,0x0000000020930000)]
  0x000000001da94800 JavaThread "SparkUI-33-acceptor-0@1a73cf67-ServerConnector@14b43259{HTTP/1.1,[http/1.1]}{0.0.0.0:4040}" daemon [_thread_in_native, id=3340, stack(0x0000000020730000,0x0000000020830000)]
  0x000000001da91000 JavaThread "SparkUI-32" daemon [_thread_in_native, id=16472, stack(0x0000000020630000,0x0000000020730000)]
  0x000000001da93000 JavaThread "SparkUI-31" daemon [_thread_in_native, id=15788, stack(0x0000000020530000,0x0000000020630000)]
  0x000000001da92800 JavaThread "SparkUI-30" daemon [_thread_in_native, id=15872, stack(0x0000000020430000,0x0000000020530000)]
  0x000000001da90000 JavaThread "SparkUI-29" daemon [_thread_in_native, id=12824, stack(0x0000000020330000,0x0000000020430000)]
  0x000000001da8d800 JavaThread "RemoteBlock-temp-file-clean-thread" daemon [_thread_blocked, id=13096, stack(0x0000000020030000,0x0000000020130000)]
  0x000000001da94000 JavaThread "dispatcher-BlockManagerEndpoint1" daemon [_thread_blocked, id=17708, stack(0x000000001ff30000,0x0000000020030000)]
  0x000000001da8e800 JavaThread "dispatcher-BlockManagerMaster" daemon [_thread_blocked, id=20956, stack(0x000000001fc30000,0x000000001fd30000)]
  0x000000001da8f000 JavaThread "map-output-dispatcher-7" daemon [_thread_blocked, id=21892, stack(0x000000001fb30000,0x000000001fc30000)]
  0x000000001da91800 JavaThread "map-output-dispatcher-6" daemon [_thread_blocked, id=20008, stack(0x000000001fa30000,0x000000001fb30000)]
  0x000000001ddbf800 JavaThread "map-output-dispatcher-5" daemon [_thread_blocked, id=21372, stack(0x000000001f930000,0x000000001fa30000)]
  0x0000000019ed6800 JavaThread "map-output-dispatcher-4" daemon [_thread_blocked, id=15868, stack(0x000000001f730000,0x000000001f830000)]
  0x0000000019ed3800 JavaThread "map-output-dispatcher-3" daemon [_thread_blocked, id=22508, stack(0x000000001f630000,0x000000001f730000)]
  0x000000001dc93800 JavaThread "map-output-dispatcher-2" daemon [_thread_blocked, id=15476, stack(0x000000001f530000,0x000000001f630000)]
  0x000000001d19f000 JavaThread "map-output-dispatcher-1" daemon [_thread_blocked, id=14840, stack(0x000000001f430000,0x000000001f530000)]
  0x000000001d073000 JavaThread "map-output-dispatcher-0" daemon [_thread_blocked, id=20196, stack(0x000000001f330000,0x000000001f430000)]
  0x000000001dc18000 JavaThread "dispatcher-event-loop-1" daemon [_thread_blocked, id=21116, stack(0x000000001f230000,0x000000001f330000)]
  0x000000001dc14000 JavaThread "dispatcher-event-loop-0" daemon [_thread_blocked, id=18068, stack(0x000000001f130000,0x000000001f230000)]
  0x000000001db34800 JavaThread "rpc-server-3-1" daemon [_thread_in_native, id=1560, stack(0x000000001f030000,0x000000001f130000)]
  0x000000001ab97800 JavaThread "Service Thread" daemon [_thread_blocked, id=15504, stack(0x000000001bfe0000,0x000000001c0e0000)]
  0x000000001ab80800 JavaThread "C1 CompilerThread3" daemon [_thread_blocked, id=20504, stack(0x000000001bee0000,0x000000001bfe0000)]
=>0x000000001ab7d800 JavaThread "C2 CompilerThread2" daemon [_thread_in_native, id=7588, stack(0x000000001bde0000,0x000000001bee0000)]
  0x000000001ab7d000 JavaThread "C2 CompilerThread1" daemon [_thread_in_native, id=6864, stack(0x000000001bce0000,0x000000001bde0000)]
  0x000000001ab7c000 JavaThread "C2 CompilerThread0" daemon [_thread_in_native, id=276, stack(0x000000001bbe0000,0x000000001bce0000)]
  0x000000001abfa800 JavaThread "Monitor Ctrl-Break" daemon [_thread_in_native, id=8580, stack(0x000000001bae0000,0x000000001bbe0000)]
  0x0000000019b55800 JavaThread "Attach Listener" daemon [_thread_blocked, id=17584, stack(0x000000001a210000,0x000000001a310000)]
  0x0000000019ba8800 JavaThread "Signal Dispatcher" daemon [_thread_blocked, id=6788, stack(0x000000001a110000,0x000000001a210000)]
  0x0000000019b31000 JavaThread "Finalizer" daemon [_thread_blocked, id=19500, stack(0x000000001a010000,0x000000001a110000)]
  0x0000000019b30800 JavaThread "Reference Handler" daemon [_thread_blocked, id=15020, stack(0x0000000019f10000,0x000000001a010000)]
  0x0000000002ba9000 JavaThread "main" [_thread_in_Java, id=20544, stack(0x0000000002aa0000,0x0000000002ba0000)]

Other Threads:
  0x0000000002c9e800 VMThread [stack: 0x0000000019a10000,0x0000000019b10000] [id=2860]
  0x000000001ad41800 WatcherThread [stack: 0x000000001c0e0000,0x000000001c1e0000] [id=11428]

VM state:not at safepoint (normal execution)

VM Mutex/Monitor currently owned by a thread:  ([mutex/lock_event])
[0x0000000002ba09d0] SymbolTable_lock - owner thread: 0x0000000000000000

heap address: 0x0000000081c00000, size: 2020 MB, Compressed Oops mode: 32-bit
Narrow klass base: 0x0000000000000000, Narrow klass shift: 3
Compressed class space size: 1073741824 Address: 0x0000000100000000

Heap:
 PSYoungGen      total 139776K, used 96536K [0x00000000d5f00000, 0x00000000dfe00000, 0x0000000100000000)
  eden space 131584K, 73% used [0x00000000d5f00000,0x00000000dbd460f8,0x00000000ddf80000)
  from space 8192K, 0% used [0x00000000df600000,0x00000000df600000,0x00000000dfe00000)
  to   space 7168K, 0% used [0x00000000ddf80000,0x00000000ddf80000,0x00000000de680000)
 ParOldGen       total 69120K, used 7968K [0x0000000081c00000, 0x0000000085f80000, 0x00000000d5f00000)
  object space 69120K, 11% used [0x0000000081c00000,0x00000000823c8058,0x0000000085f80000)
 Metaspace       used 39646K, capacity 41798K, committed 41984K, reserved 1085440K
  class space    used 5635K, capacity 5880K, committed 5888K, reserved 1048576K

Card table byte_map: [0x0000000012160000,0x0000000012560000] byte_map_base: 0x0000000011d52000

Marking Bits: (ParMarkBitMap*) 0x00000000683f5ce0
 Begin Bits: [0x0000000013010000, 0x0000000014fa0000)
 End Bits:   [0x0000000014fa0000, 0x0000000016f30000)

Polling page: 0x0000000000de0000

CodeCache: size=245760Kb used=8204Kb max_used=8204Kb free=237555Kb
 bounds [0x0000000002da0000, 0x00000000035b0000, 0x0000000011da0000]
 total_blobs=3084 nmethods=2526 adapters=469
 compilation: enabled

Compilation events (10 events):
Event: 4.822 Thread 0x000000001ab80800 2526       3       java.lang.reflect.Method::getExceptionTypes (11 bytes)
Event: 4.822 Thread 0x000000001ab80800 nmethod 2526 0x00000000035a0790 code [0x00000000035a0900, 0x00000000035a0c08]
Event: 4.822 Thread 0x000000001ab80800 2528       3       java.lang.Class::privateGetMethodRecursive (130 bytes)
Event: 4.823 Thread 0x000000001ab80800 nmethod 2528 0x00000000035a4c10 code [0x00000000035a4e20, 0x00000000035a56f8]
Event: 4.823 Thread 0x000000001ab80800 2527       3       java.lang.Class::getMethod0 (40 bytes)
Event: 4.823 Thread 0x000000001ab80800 nmethod 2527 0x00000000035a5ad0 code [0x00000000035a5c60, 0x00000000035a5f78]
Event: 4.823 Thread 0x000000001ab80800 2529       1       sun.reflect.generics.tree.ClassTypeSignature::getPath (5 bytes)
Event: 4.823 Thread 0x000000001ab80800 nmethod 2529 0x00000000035a0490 code [0x00000000035a05e0, 0x00000000035a06f0]
Event: 4.823 Thread 0x000000001ab80800 2530       1       sun.reflect.generics.tree.SimpleClassTypeSignature::getDollar (5 bytes)
Event: 4.823 Thread 0x000000001ab80800 nmethod 2530 0x00000000035a60d0 code [0x00000000035a6220, 0x00000000035a6330]

GC Heap History (10 events):
Event: 2.132 GC heap before
{Heap before GC invocations=6 (full 1):
 PSYoungGen      total 71680K, used 5110K [0x00000000d5f00000, 0x00000000def00000, 0x0000000100000000)
  eden space 66560K, 0% used [0x00000000d5f00000,0x00000000d5f00000,0x00000000da000000)
  from space 5120K, 99% used [0x00000000da000000,0x00000000da4fda98,0x00000000da500000)
  to   space 7168K, 0% used [0x00000000de800000,0x00000000de800000,0x00000000def00000)
 ParOldGen       total 87552K, used 3363K [0x0000000081c00000, 0x0000000087180000, 0x00000000d5f00000)
  object space 87552K, 3% used [0x0000000081c00000,0x0000000081f48f20,0x0000000087180000)
 Metaspace       used 20166K, capacity 21136K, committed 21248K, reserved 1067008K
  class space    used 2820K, capacity 2961K, committed 3072K, reserved 1048576K
Event: 2.157 GC heap after
Heap after GC invocations=6 (full 1):
 PSYoungGen      total 71680K, used 0K [0x00000000d5f00000, 0x00000000def00000, 0x0000000100000000)
  eden space 66560K, 0% used [0x00000000d5f00000,0x00000000d5f00000,0x00000000da000000)
  from space 5120K, 0% used [0x00000000da000000,0x00000000da000000,0x00000000da500000)
  to   space 7168K, 0% used [0x00000000de800000,0x00000000de800000,0x00000000def00000)
 ParOldGen       total 56320K, used 5554K [0x0000000081c00000, 0x0000000085300000, 0x00000000d5f00000)
  object space 56320K, 9% used [0x0000000081c00000,0x000000008216ca78,0x0000000085300000)
 Metaspace       used 20166K, capacity 21136K, committed 21248K, reserved 1067008K
  class space    used 2820K, capacity 2961K, committed 3072K, reserved 1048576K
}
Event: 3.470 GC heap before
{Heap before GC invocations=7 (full 1):
 PSYoungGen      total 71680K, used 66560K [0x00000000d5f00000, 0x00000000def00000, 0x0000000100000000)
  eden space 66560K, 100% used [0x00000000d5f00000,0x00000000da000000,0x00000000da000000)
  from space 5120K, 0% used [0x00000000da000000,0x00000000da000000,0x00000000da500000)
  to   space 7168K, 0% used [0x00000000de800000,0x00000000de800000,0x00000000def00000)
 ParOldGen       total 56320K, used 5554K [0x0000000081c00000, 0x0000000085300000, 0x00000000d5f00000)
  object space 56320K, 9% used [0x0000000081c00000,0x000000008216ca78,0x0000000085300000)
 Metaspace       used 26316K, capacity 27650K, committed 27776K, reserved 1073152K
  class space    used 3757K, capacity 3939K, committed 3968K, reserved 1048576K
Event: 3.473 GC heap after
Heap after GC invocations=7 (full 1):
 PSYoungGen      total 104448K, used 5172K [0x00000000d5f00000, 0x00000000ded80000, 0x0000000100000000)
  eden space 98816K, 0% used [0x00000000d5f00000,0x00000000d5f00000,0x00000000dbf80000)
  from space 5632K, 91% used [0x00000000de800000,0x00000000ded0d1d8,0x00000000ded80000)
  to   space 7168K, 0% used [0x00000000ddf80000,0x00000000ddf80000,0x00000000de680000)
 ParOldGen       total 56320K, used 5562K [0x0000000081c00000, 0x0000000085300000, 0x00000000d5f00000)
  object space 56320K, 9% used [0x0000000081c00000,0x000000008216ea78,0x0000000085300000)
 Metaspace       used 26316K, capacity 27650K, committed 27776K, reserved 1073152K
  class space    used 3757K, capacity 3939K, committed 3968K, reserved 1048576K
}
Event: 4.120 GC heap before
{Heap before GC invocations=8 (full 1):
 PSYoungGen      total 104448K, used 103988K [0x00000000d5f00000, 0x00000000ded80000, 0x0000000100000000)
  eden space 98816K, 100% used [0x00000000d5f00000,0x00000000dbf80000,0x00000000dbf80000)
  from space 5632K, 91% used [0x00000000de800000,0x00000000ded0d1d8,0x00000000ded80000)
  to   space 7168K, 0% used [0x00000000ddf80000,0x00000000ddf80000,0x00000000de680000)
 ParOldGen       total 56320K, used 5562K [0x0000000081c00000, 0x0000000085300000, 0x00000000d5f00000)
  object space 56320K, 9% used [0x0000000081c00000,0x000000008216ea78,0x0000000085300000)
 Metaspace       used 33564K, capacity 35360K, committed 35416K, reserved 1079296K
  class space    used 4619K, capacity 4830K, committed 4864K, reserved 1048576K
Event: 4.128 GC heap after
Heap after GC invocations=8 (full 1):
 PSYoungGen      total 138752K, used 7140K [0x00000000d5f00000, 0x00000000dfe00000, 0x0000000100000000)
  eden space 131584K, 0% used [0x00000000d5f00000,0x00000000d5f00000,0x00000000ddf80000)
  from space 7168K, 99% used [0x00000000ddf80000,0x00000000de679338,0x00000000de680000)
  to   space 8192K, 0% used [0x00000000df600000,0x00000000df600000,0x00000000dfe00000)
 ParOldGen       total 56320K, used 7018K [0x0000000081c00000, 0x0000000085300000, 0x00000000d5f00000)
  object space 56320K, 12% used [0x0000000081c00000,0x00000000822dab20,0x0000000085300000)
 Metaspace       used 33564K, capacity 35360K, committed 35416K, reserved 1079296K
  class space    used 4619K, capacity 4830K, committed 4864K, reserved 1048576K
}
Event: 4.134 GC heap before
{Heap before GC invocations=9 (full 1):
 PSYoungGen      total 138752K, used 9618K [0x00000000d5f00000, 0x00000000dfe00000, 0x0000000100000000)
  eden space 131584K, 1% used [0x00000000d5f00000,0x00000000d616b798,0x00000000ddf80000)
  from space 7168K, 99% used [0x00000000ddf80000,0x00000000de679338,0x00000000de680000)
  to   space 8192K, 0% used [0x00000000df600000,0x00000000df600000,0x00000000dfe00000)
 ParOldGen       total 56320K, used 7018K [0x0000000081c00000, 0x0000000085300000, 0x00000000d5f00000)
  object space 56320K, 12% used [0x0000000081c00000,0x00000000822dab20,0x0000000085300000)
 Metaspace       used 33624K, capacity 35392K, committed 35416K, reserved 1079296K
  class space    used 4629K, capacity 4862K, committed 4864K, reserved 1048576K
Event: 4.137 GC heap after
Heap after GC invocations=9 (full 1):
 PSYoungGen      total 139776K, used 3555K [0x00000000d5f00000, 0x00000000dfe00000, 0x0000000100000000)
  eden space 131584K, 0% used [0x00000000d5f00000,0x00000000d5f00000,0x00000000ddf80000)
  from space 8192K, 43% used [0x00000000df600000,0x00000000df978ea8,0x00000000dfe00000)
  to   space 7168K, 0% used [0x00000000ddf80000,0x00000000ddf80000,0x00000000de680000)
 ParOldGen       total 56320K, used 7026K [0x0000000081c00000, 0x0000000085300000, 0x00000000d5f00000)
  object space 56320K, 12% used [0x0000000081c00000,0x00000000822dcb20,0x0000000085300000)
 Metaspace       used 33624K, capacity 35392K, committed 35416K, reserved 1079296K
  class space    used 4629K, capacity 4862K, committed 4864K, reserved 1048576K
}
Event: 4.137 GC heap before
{Heap before GC invocations=10 (full 2):
 PSYoungGen      total 139776K, used 3555K [0x00000000d5f00000, 0x00000000dfe00000, 0x0000000100000000)
  eden space 131584K, 0% used [0x00000000d5f00000,0x00000000d5f00000,0x00000000ddf80000)
  from space 8192K, 43% used [0x00000000df600000,0x00000000df978ea8,0x00000000dfe00000)
  to   space 7168K, 0% used [0x00000000ddf80000,0x00000000ddf80000,0x00000000de680000)
 ParOldGen       total 56320K, used 7026K [0x0000000081c00000, 0x0000000085300000, 0x00000000d5f00000)
  object space 56320K, 12% used [0x0000000081c00000,0x00000000822dcb20,0x0000000085300000)
 Metaspace       used 33624K, capacity 35392K, committed 35416K, reserved 1079296K
  class space    used 4629K, capacity 4862K, committed 4864K, reserved 1048576K
Event: 4.193 GC heap after
Heap after GC invocations=10 (full 2):
 PSYoungGen      total 139776K, used 0K [0x00000000d5f00000, 0x00000000dfe00000, 0x0000000100000000)
  eden space 131584K, 0% used [0x00000000d5f00000,0x00000000d5f00000,0x00000000ddf80000)
  from space 8192K, 0% used [0x00000000df600000,0x00000000df600000,0x00000000dfe00000)
  to   space 7168K, 0% used [0x00000000ddf80000,0x00000000ddf80000,0x00000000de680000)
 ParOldGen       total 69120K, used 7968K [0x0000000081c00000, 0x0000000085f80000, 0x00000000d5f00000)
  object space 69120K, 11% used [0x0000000081c00000,0x00000000823c8058,0x0000000085f80000)
 Metaspace       used 33624K, capacity 35392K, committed 35416K, reserved 1079296K
  class space    used 4629K, capacity 4862K, committed 4864K, reserved 1048576K
}

Deoptimization events (10 events):
Event: 1.669 Thread 0x0000000002ba9000 Uncommon trap: reason=unstable_if action=reinterpret pc=0x0000000002f25568 method=java.io.WinNTFileSystem.normalize(Ljava/lang/String;II)Ljava/lang/String; @ 8
Event: 1.803 Thread 0x0000000002ba9000 Uncommon trap: reason=unstable_if action=reinterpret pc=0x00000000030d73a0 method=jdk.internal.org.objectweb.asm.Type.getArgumentsAndReturnSizes(Ljava/lang/String;)I @ 41
Event: 2.114 Thread 0x0000000002ba9000 Uncommon trap: reason=unstable_if action=reinterpret pc=0x000000000321d7e4 method=jdk.internal.org.objectweb.asm.Item.isEqualTo(Ljdk/internal/org/objectweb/asm/Item;)Z @ 331
Event: 2.198 Thread 0x0000000002ba9000 Uncommon trap: reason=unstable_if action=reinterpret pc=0x00000000031e8de4 method=sun.misc.URLClassPath$JarLoader.getResource(Ljava/lang/String;ZLjava/util/Set;)Lsun/misc/Resource; @ 17
Event: 2.937 Thread 0x0000000002ba9000 Uncommon trap: reason=unstable_if action=reinterpret pc=0x0000000003334d44 method=java.io.WinNTFileSystem.isLetter(C)Z @ 3
Event: 3.299 Thread 0x0000000002ba9000 Uncommon trap: reason=unstable_if action=reinterpret pc=0x00000000032f12d0 method=jdk.internal.org.objectweb.asm.Type.getArgumentsAndReturnSizes(Ljava/lang/String;)I @ 47
Event: 3.532 Thread 0x0000000002ba9000 Uncommon trap: reason=unstable_if action=reinterpret pc=0x000000000311b5cc method=java.util.HashMap.hash(Ljava/lang/Object;)I @ 1
Event: 3.744 Thread 0x0000000002ba9000 Uncommon trap: reason=unstable_if action=reinterpret pc=0x00000000032f670c method=sun.net.www.protocol.jar.Handler.parseURL(Ljava/net/URL;Ljava/lang/String;II)V @ 94
Event: 4.568 Thread 0x0000000002ba9000 Uncommon trap: reason=predicate action=maybe_recompile pc=0x00000000035711bc method=java.util.LinkedList.toArray([Ljava/lang/Object;)[Ljava/lang/Object; @ 45
Event: 4.720 Thread 0x0000000002ba9000 Uncommon trap: reason=unstable_if action=reinterpret pc=0x000000000340b1b8 method=jdk.internal.org.objectweb.asm.Type.getArgumentsAndReturnSizes(Ljava/lang/String;)I @ 100

Classes redefined (0 events):
No events

Internal exceptions (10 events):
Event: 4.655 Thread 0x0000000002ba9000 Exception <a 'java/lang/NoSuchMethodError': java.lang.Object.$anonfun$$init$$1$adapted(Lcom/fasterxml/jackson/databind/Module$SetupContext;)Ljava/lang/Object;> (0x00000000dad2e7a0) thrown at [C:\re\workspace\8-2-build-windows-amd64-cygwin\jdk8u211\12973\h
Event: 4.656 Thread 0x0000000002ba9000 Exception <a 'java/lang/NoSuchMethodError': java.lang.Object.$anonfun$$init$$1$adapted(Lcom/fasterxml/jackson/databind/Module$SetupContext;)Ljava/lang/Object;> (0x00000000dad33b68) thrown at [C:\re\workspace\8-2-build-windows-amd64-cygwin\jdk8u211\12973\h
Event: 4.663 Thread 0x0000000002ba9000 Exception <a 'java/lang/NoSuchMethodError': java.lang.Object.$anonfun$$init$$1$adapted(Lcom/fasterxml/jackson/databind/Module$SetupContext;)Ljava/lang/Object;> (0x00000000dae35dd0) thrown at [C:\re\workspace\8-2-build-windows-amd64-cygwin\jdk8u211\12973\h
Event: 4.664 Thread 0x0000000002ba9000 Exception <a 'java/lang/NoSuchMethodError': java.lang.Object.$anonfun$$init$$2$adapted(Lcom/fasterxml/jackson/databind/Module$SetupContext;)Ljava/lang/Object;> (0x00000000dae3af38) thrown at [C:\re\workspace\8-2-build-windows-amd64-cygwin\jdk8u211\12973\h
Event: 4.664 Thread 0x0000000002ba9000 Exception <a 'java/lang/NoSuchMethodError': java.lang.Object.$anonfun$$init$$1$adapted(Lcom/fasterxml/jackson/databind/Module$SetupContext;)Ljava/lang/Object;> (0x00000000dae3fc28) thrown at [C:\re\workspace\8-2-build-windows-amd64-cygwin\jdk8u211\12973\h
Event: 4.667 Thread 0x0000000002ba9000 Exception <a 'java/lang/NoSuchMethodError': java.lang.Object.$anonfun$$init$$1$adapted(Lcom/fasterxml/jackson/databind/Module$SetupContext;)Ljava/lang/Object;> (0x00000000dae8e740) thrown at [C:\re\workspace\8-2-build-windows-amd64-cygwin\jdk8u211\12973\h
Event: 4.668 Thread 0x0000000002ba9000 Exception <a 'java/lang/NoSuchMethodError': java.lang.Object.$anonfun$$init$$1$adapted(Lcom/fasterxml/jackson/databind/Module$SetupContext;)Ljava/lang/Object;> (0x00000000dae93900) thrown at [C:\re\workspace\8-2-build-windows-amd64-cygwin\jdk8u211\12973\h
Event: 4.668 Thread 0x0000000002ba9000 Exception <a 'java/lang/NoSuchMethodError': java.lang.Object.$anonfun$$init$$1$adapted(Lcom/fasterxml/jackson/databind/Module$SetupContext;)Ljava/lang/Object;> (0x00000000dae98ac0) thrown at [C:\re\workspace\8-2-build-windows-amd64-cygwin\jdk8u211\12973\h
Event: 4.674 Thread 0x0000000002ba9000 Exception <a 'java/lang/NoSuchMethodError': java.lang.Object.$anonfun$setupModule$1$adapted(Lcom/fasterxml/jackson/databind/Module$SetupContext;Lscala/Function1;)Ljava/lang/Object;> (0x00000000daf15558) thrown at [C:\re\workspace\8-2-build-windows-amd64-c
Event: 4.808 Thread 0x0000000002ba9000 Exception <a 'java/lang/NoSuchMethodError': java.lang.Object.$anonfun$find$1$adapted(Lscala/Function1;Ljava/lang/Object;)Ljava/lang/Object;> (0x00000000db953c18) thrown at [C:\re\workspace\8-2-build-windows-amd64-cygwin\jdk8u211\12973\hotspot\src\share\vm

Events (10 events):
Event: 4.827 loading class com/fasterxml/jackson/annotation/JsonAutoDetect
Event: 4.827 loading class com/fasterxml/jackson/annotation/JsonAutoDetect done
Event: 4.827 loading class com/fasterxml/jackson/annotation/JsonIdentityInfo
Event: 4.827 loading class com/fasterxml/jackson/annotation/JsonIdentityInfo done
Event: 4.827 loading class com/fasterxml/jackson/databind/JsonSerializer$None
Event: 4.827 loading class com/fasterxml/jackson/databind/JsonSerializer$None done
Event: 4.828 loading class com/fasterxml/jackson/databind/util/ArrayIterator
Event: 4.828 loading class com/fasterxml/jackson/databind/util/ArrayIterator done
Event: 4.828 loading class com/fasterxml/jackson/databind/introspect/AnnotatedFieldCollector
Event: 4.828 loading class com/fasterxml/jackson/databind/introspect/AnnotatedFieldCollector done


Dynamic libraries:
0x00007ff771360000 - 0x00007ff771397000 	C:\Program Files\Java\jdk1.8.0_211\bin\java.exe
0x00007ff8121e0000 - 0x00007ff8123d0000 	C:\WINDOWS\SYSTEM32\ntdll.dll
0x00007ff8112d0000 - 0x00007ff811382000 	C:\WINDOWS\System32\KERNEL32.DLL
0x00007ff80fac0000 - 0x00007ff80fd63000 	C:\WINDOWS\System32\KERNELBASE.dll
0x00007ff8114d0000 - 0x00007ff811573000 	C:\WINDOWS\System32\ADVAPI32.dll
0x00007ff811580000 - 0x00007ff81161e000 	C:\WINDOWS\System32\msvcrt.dll
0x00007ff810770000 - 0x00007ff810807000 	C:\WINDOWS\System32\sechost.dll
0x00007ff811fd0000 - 0x00007ff8120f0000 	C:\WINDOWS\System32\RPCRT4.dll
0x00007ff810e30000 - 0x00007ff810fc4000 	C:\WINDOWS\System32\USER32.dll
0x00007ff80f1a0000 - 0x00007ff80f1c1000 	C:\WINDOWS\System32\win32u.dll
0x00007ff811d10000 - 0x00007ff811d36000 	C:\WINDOWS\System32\GDI32.dll
0x00007ff80ffd0000 - 0x00007ff810164000 	C:\WINDOWS\System32\gdi32full.dll
0x00007ff8101f0000 - 0x00007ff81028e000 	C:\WINDOWS\System32\msvcp_win.dll
0x00007ff80fed0000 - 0x00007ff80ffca000 	C:\WINDOWS\System32\ucrtbase.dll
0x00007ffffec50000 - 0x00007ffffeed5000 	C:\WINDOWS\WinSxS\amd64_microsoft.windows.common-controls_6595b64144ccf1df_6.0.18362.535_none_e6c3b34713100821\COMCTL32.dll
0x00007ff810430000 - 0x00007ff810766000 	C:\WINDOWS\System32\combase.dll
0x00007ff810170000 - 0x00007ff8101f0000 	C:\WINDOWS\System32\bcryptPrimitives.dll
0x00007ff811fa0000 - 0x00007ff811fce000 	C:\WINDOWS\System32\IMM32.DLL
0x0000000068480000 - 0x0000000068552000 	C:\Program Files\Java\jdk1.8.0_211\jre\bin\msvcr100.dll
0x0000000067bd0000 - 0x0000000068475000 	C:\Program Files\Java\jdk1.8.0_211\jre\bin\server\jvm.dll
0x00007ff811d40000 - 0x00007ff811d48000 	C:\WINDOWS\System32\PSAPI.DLL
0x00007ff8054c0000 - 0x00007ff8054ca000 	C:\WINDOWS\SYSTEM32\VERSION.dll
0x00007ffff7480000 - 0x00007ffff7489000 	C:\WINDOWS\SYSTEM32\WSOCK32.dll
0x00007ff80d040000 - 0x00007ff80d064000 	C:\WINDOWS\SYSTEM32\WINMM.dll
0x00007ff811d80000 - 0x00007ff811def000 	C:\WINDOWS\System32\WS2_32.dll
0x00007ff80cfc0000 - 0x00007ff80cfed000 	C:\WINDOWS\SYSTEM32\WINMMBASE.dll
0x00007ff80fe80000 - 0x00007ff80feca000 	C:\WINDOWS\System32\cfgmgr32.dll
0x00007ff80b7c0000 - 0x00007ff80b7cf000 	C:\Program Files\Java\jdk1.8.0_211\jre\bin\verify.dll
0x00007ffffe260000 - 0x00007ffffe289000 	C:\Program Files\Java\jdk1.8.0_211\jre\bin\java.dll
0x00007ffffd200000 - 0x00007ffffd223000 	C:\Program Files\Java\jdk1.8.0_211\jre\bin\instrument.dll
0x00007ff805780000 - 0x00007ff805796000 	C:\Program Files\Java\jdk1.8.0_211\jre\bin\zip.dll
0x00007ff811620000 - 0x00007ff811d05000 	C:\WINDOWS\System32\SHELL32.dll
0x00007ff810d80000 - 0x00007ff810e29000 	C:\WINDOWS\System32\shcore.dll
0x00007ff80f320000 - 0x00007ff80fa9f000 	C:\WINDOWS\System32\windows.storage.dll
0x00007ff80f130000 - 0x00007ff80f14f000 	C:\WINDOWS\System32\profapi.dll
0x00007ff80f0c0000 - 0x00007ff80f10a000 	C:\WINDOWS\System32\powrprof.dll
0x00007ff80f0b0000 - 0x00007ff80f0c0000 	C:\WINDOWS\System32\UMPDC.dll
0x00007ff811470000 - 0x00007ff8114c2000 	C:\WINDOWS\System32\shlwapi.dll
0x00007ff80f110000 - 0x00007ff80f121000 	C:\WINDOWS\System32\kernel.appcore.dll
0x00007ff80faa0000 - 0x00007ff80fab7000 	C:\WINDOWS\System32\cryptsp.dll
0x00007ff809b30000 - 0x00007ff809b4a000 	E:\IDEA\IntelliJ IDEA 2019.1\bin\breakgen64.dll
0x00007ff805730000 - 0x00007ff80574a000 	C:\Program Files\Java\jdk1.8.0_211\jre\bin\net.dll
0x00007ff8004d0000 - 0x00007ff8006a6000 	C:\WINDOWS\SYSTEM32\urlmon.dll
0x00007ff800a30000 - 0x00007ff800cd6000 	C:\WINDOWS\SYSTEM32\iertutil.dll
0x00007ff80eaf0000 - 0x00007ff80eafc000 	C:\WINDOWS\SYSTEM32\CRYPTBASE.DLL
0x00007ff80e920000 - 0x00007ff80e987000 	C:\WINDOWS\system32\mswsock.dll
0x00007fffef580000 - 0x00007fffef596000 	C:\WINDOWS\system32\napinsp.dll
0x00007fffef560000 - 0x00007fffef57a000 	C:\WINDOWS\system32\pnrpnsp.dll
0x00007ff80e670000 - 0x00007ff80e73a000 	C:\WINDOWS\SYSTEM32\DNSAPI.dll
0x00007ff811d50000 - 0x00007ff811d58000 	C:\WINDOWS\System32\NSI.dll
0x00007ff80e630000 - 0x00007ff80e66a000 	C:\WINDOWS\SYSTEM32\IPHLPAPI.DLL
0x00007fffef550000 - 0x00007fffef55e000 	C:\WINDOWS\System32\winrnr.dll
0x00007ff80b4c0000 - 0x00007ff80b4dc000 	C:\WINDOWS\system32\NLAapi.dll
0x00007ff80aaf0000 - 0x00007ff80ab05000 	C:\WINDOWS\system32\wshbth.dll
0x00007ff802380000 - 0x00007ff80238a000 	C:\Windows\System32\rasadhlp.dll
0x00007ff803040000 - 0x00007ff8030b7000 	C:\WINDOWS\System32\fwpuclnt.dll
0x00007ff80f170000 - 0x00007ff80f196000 	C:\WINDOWS\System32\bcrypt.dll
0x00007ff80b6d0000 - 0x00007ff80b6dd000 	C:\Program Files\Java\jdk1.8.0_211\jre\bin\management.dll
0x00007ff809b10000 - 0x00007ff809b19000 	C:\Program Files\Java\jdk1.8.0_211\jre\bin\w2k_lsa_auth.dll
0x00007ffffb8d0000 - 0x00007ffffb8dc000 	C:\WINDOWS\SYSTEM32\Secur32.dll
0x00007ff80efa0000 - 0x00007ff80efcf000 	C:\WINDOWS\SYSTEM32\SSPICLI.DLL
0x00007ffffd250000 - 0x00007ffffd26a000 	E:\hadoop-2.7.1\bin\hadoop.dll
0x00007ffff1b60000 - 0x00007ffff1b77000 	C:\WINDOWS\SYSTEM32\NETAPI32.dll
0x00007ff80e210000 - 0x00007ff80e25a000 	C:\WINDOWS\SYSTEM32\AUTHZ.dll
0x00007ff80e740000 - 0x00007ff80e74c000 	C:\WINDOWS\SYSTEM32\NETUTILS.DLL
0x00007ff808710000 - 0x00007ff808728000 	C:\WINDOWS\SYSTEM32\SAMCLI.DLL
0x00007ff809a80000 - 0x00007ff809a88000 	C:\Program Files\Java\jdk1.8.0_211\jre\bin\jaas_nt.dll
0x00007ff803020000 - 0x00007ff803032000 	C:\Program Files\Java\jdk1.8.0_211\jre\bin\nio.dll
0x00007ff80e490000 - 0x00007ff80e4c3000 	C:\WINDOWS\system32\rsaenh.dll
0x00007ff80efd0000 - 0x00007ff80eff5000 	C:\WINDOWS\SYSTEM32\USERENV.dll
0x00007ff803af0000 - 0x00007ff803b06000 	C:\WINDOWS\SYSTEM32\dhcpcsvc6.DLL
0x00007ff803830000 - 0x00007ff80384c000 	C:\WINDOWS\SYSTEM32\dhcpcsvc.DLL

VM Arguments:
jvm_args: -javaagent:E:\IDEA\IntelliJ IDEA 2019.1\lib\idea_rt.jar=59629:E:\IDEA\IntelliJ IDEA 2019.1\bin -Dfile.encoding=UTF-8 
java_command: main.Compute
java_class_path (initial): C:\Program Files\Java\jdk1.8.0_211\jre\lib\charsets.jar;C:\Program Files\Java\jdk1.8.0_211\jre\lib\deploy.jar;C:\Program Files\Java\jdk1.8.0_211\jre\lib\ext\access-bridge-64.jar;C:\Program Files\Java\jdk1.8.0_211\jre\lib\ext\cldrdata.jar;C:\Program Files\Java\jdk1.8.0_211\jre\lib\ext\dnsns.jar;C:\Program Files\Java\jdk1.8.0_211\jre\lib\ext\jaccess.jar;C:\Program Files\Java\jdk1.8.0_211\jre\lib\ext\jfxrt.jar;C:\Program Files\Java\jdk1.8.0_211\jre\lib\ext\localedata.jar;C:\Program Files\Java\jdk1.8.0_211\jre\lib\ext\nashorn.jar;C:\Program Files\Java\jdk1.8.0_211\jre\lib\ext\sunec.jar;C:\Program Files\Java\jdk1.8.0_211\jre\lib\ext\sunjce_provider.jar;C:\Program Files\Java\jdk1.8.0_211\jre\lib\ext\sunmscapi.jar;C:\Program Files\Java\jdk1.8.0_211\jre\lib\ext\sunpkcs11.jar;C:\Program Files\Java\jdk1.8.0_211\jre\lib\ext\zipfs.jar;C:\Program Files\Java\jdk1.8.0_211\jre\lib\javaws.jar;C:\Program Files\Java\jdk1.8.0_211\jre\lib\jce.jar;C:\Program Files\Java\jdk1.8.0_211\jre\lib\jfr.jar;C:\Program Files\Java\jdk1.8.0_211\jre\lib\jfxswt.jar;C:\Program Files\Java\jdk1.8.0_211\jre\lib\jsse.jar;C:\Program Files\Java\jdk1.8.0_211\jre\lib\management-agent.jar;C:\Program Files\Java\jdk1.8.0_211\jre\lib\plugin.jar;C:\Program Files\Java\jdk1.8.0_211\jre\lib\resources.jar;C:\Program Files\Java\jdk1.8.0_211\jre\lib\rt.jar;D:\IdeaProjects\scala\out\production\scala;E:\spark\jars\xz-1.5.jar;E:\spark\jars\jta-1.1.jar;E:\spark\jars\jpam-1.1.jar;E:\spark\jars\guice-3.0.jar;E:\spark\jars\ivy-2.4.0.jar;E:\spark\jars\oro-2.0.8.jar;E:\spark\jars\ST4-4.0.4.jar;E:\spark\jars\avro-1.8.2.jar;E:\spark\jars\core-1.1.2.jar;E:\spark\jars\gson-2.2.4.jar;E:\spark\jars\hppc-0.7.2.jar;E:\spark\jars\snappy-0.2.jar;E:\spark\jars\antlr-2.7.7.jar;E:\spark\jars\jsp-api-2.1.jar;E:\spark\jars\okio-1.15.0.jar;E:\spark\jars\opencsv-2.3.jar;E:\spark\jars\xmlenc-0.52.jar;E:\spark\jars\guava-14.0.1.jar;E:\spark\jars\jetty-6.1.26.jar;E:\spark\jars\jline-2.14.6.jar;E:\spark\jars\jsr305-3.0.0.j
Launcher Type: SUN_STANDARD

Environment Variables:
JAVA_HOME=C:\Program Files\Java\jdk1.8.0_211
CLASSPATH=D:\apache-ant-1.10.5\lib;.;E:\scala\bin;E:\scala\lib\dt.jar;E:\scala\lib\tools.jar.;
PATH=C:\Program Files (x86)\Common Files\Oracle\Java\javapath;C:\Program Files (x86)\Python37-32\Scripts\;C:\Program Files (x86)\Python37-32\;C:\Program Files (x86)\Intel\Intel(R) Management Engine Components\iCLS\;C:\Program Files\Intel\Intel(R) Management Engine Components\iCLS\;C:\Windows\system32;C:\Windows;C:\Windows\System32\Wbem;C:\Windows\System32\WindowsPowerShell\v1.0\;C:\Program Files (x86)\Intel\Intel(R) Management Engine Components\DAL;C:\Program Files\Intel\Intel(R) Management Engine Components\DAL;C:\Program Files (x86)\Intel\Intel(R) Management Engine Components\IPT;C:\Program Files\Intel\Intel(R) Management Engine Components\IPT;C:\Program Files (x86)\NVIDIA Corporation\PhysX\Common;C:\MinGW\bin;C:\WINDOWS\system32;C:\WINDOWS;C:\WINDOWS\System32\Wbem;C:\WINDOWS\System32\WindowsPowerShell\v1.0\;C:\WINDOWS\System32\OpenSSH\;C:\Program Files\Java\jdk1.8.0_211\bin;C:\Program Files\Git\cmd;D:\apache-ant-1.10.5\bin;E:\matlab\runtime\win64;E:\matlab\bin;C:\Program Files\Intel\WiFi\bin\;C:\Program Files\Common Files\Intel\WirelessCommon\;C:\Program Files\NVIDIA Corporation\NVIDIA NvDLISR;E:\scala\bin;E:\scala\jre\bin;E:\spark\bin;E:\hadoop-2.7.1\bin;E:\apache-maven-3.6.3\bin;D:\sbt\bin;C:\Users\50136\AppData\Local\Microsoft\WindowsApps;C:\Program Files\Intel\WiFi\bin\;C:\Program Files\Common Files\Intel\WirelessCommon\;C:\Program Files\Java\jdk1.8.0_211\bin;;C:\Users\50136\AppData\Local\Microsoft\WindowsApps;E:\Docker Toolbox
USERNAME=50136
OS=Windows_NT
PROCESSOR_IDENTIFIER=Intel64 Family 6 Model 142 Stepping 10, GenuineIntel



---------------  S Y S T E M  ---------------

OS: Windows 10.0 , 64 bit Build 18362 (10.0.18362.329)

CPU:total 8 (initial active 8) (4 cores per cpu, 2 threads per core) family 6 model 142 stepping 10, cmov, cx8, fxsr, mmx, sse, sse2, sse3, ssse3, sse4.1, sse4.2, popcnt, avx, avx2, aes, clmul, erms, 3dnowpref, lzcnt, ht, tsc, tscinvbit, bmi1, bmi2, adx

Memory: 4k page, physical 8269924k(417684k free), swap 19711712k(4908k free)

vm_info: Java HotSpot(TM) 64-Bit Server VM (25.211-b12) for windows-amd64 JRE (1.8.0_211-b12), built on Apr  1 2019 20:53:26 by "java_re" with MS VC++ 10.0 (VS2010)

time: Sat Dec 21 13:48:04 2019
timezone: 中国标准时间
elapsed time: 4 seconds (0d 0h 0m 4s)

